<?xml version="1.0" encoding="UTF-8"?>
<!-- Generated by org.testng.reporters.JUnitReportReporter -->
<testsuite skipped="0" hostname="PC-PC" name="lazada.vn.testcases.LoginPageTest" tests="2" failures="0" timestamp="23 May 2019 07:41:29 GMT" time="24.302" errors="0">
  <testcase name="loginPageWithEmailRegistered" time="13.997" classname="lazada.vn.testcases.LoginPageTest"/>
  <testcase name="loginPageTitleTest" time="10.305" classname="lazada.vn.testcases.LoginPageTest"/>
</testsuite> <!-- lazada.vn.testcases.LoginPageTest -->
