<?xml version="1.0" encoding="UTF-8"?>
<!-- Generated by org.testng.reporters.JUnitReportReporter -->
<testsuite skipped="0" hostname="PC-PC" name="lazada.vn.testcases.HomePageTest" tests="3" failures="0" timestamp="28 May 2019 04:41:39 GMT" time="33.489" errors="0">
  <testcase name="checkTitleHomePageTest" time="8.046" classname="lazada.vn.testcases.HomePageTest"/>
  <testcase name="searchProductWithKeywordTest" time="10.852" classname="lazada.vn.testcases.HomePageTest"/>
  <testcase name="searchProductWithSelectionTest" time="14.591" classname="lazada.vn.testcases.HomePageTest"/>
</testsuite> <!-- lazada.vn.testcases.HomePageTest -->
