<?xml version="1.0" encoding="UTF-8"?>
<!-- Generated by org.testng.reporters.JUnitReportReporter -->
<testsuite skipped="0" hostname="PC-PC" name="lazada.vn.testcases.LoginPageTest" tests="2" failures="0" timestamp="31 May 2019 07:14:00 GMT" time="25.728" errors="0">
  <testcase name="loginPageWithEmailRegistered" time="12.879" classname="lazada.vn.testcases.LoginPageTest"/>
  <testcase name="loginPageTitleTest" time="12.849" classname="lazada.vn.testcases.LoginPageTest"/>
</testsuite> <!-- lazada.vn.testcases.LoginPageTest -->
