<?xml version="1.0" encoding="UTF-8"?>
<!-- Generated by org.testng.reporters.JUnitReportReporter -->
<testsuite skipped="0" hostname="PC-PC" name="lazada.vn.testcases.SignUpPageTest" tests="1" failures="0" timestamp="31 May 2019 07:12:12 GMT" time="25.621" errors="0">
  <testcase name="signUpWithGoogleAccountTest" time="25.621" classname="lazada.vn.testcases.SignUpPageTest"/>
</testsuite> <!-- lazada.vn.testcases.SignUpPageTest -->
