<?xml version="1.0" encoding="UTF-8"?>
<!-- Generated by org.testng.reporters.JUnitReportReporter -->
<testsuite skipped="0" hostname="PC-PC" name="com.qa.tests.LoginTest" tests="1" failures="0" timestamp="22 Apr 2019 06:35:05 GMT" time="0.008" errors="0">
  <testcase name="test1" time="0.008" classname="com.qa.tests.LoginTest"/>
</testsuite> <!-- com.qa.tests.LoginTest -->
